Command line:
"travis"


   ________                                 __
  /        |                               /  |
  ########/ ______    ______    __     __  ##/    _______
     ## |  /      \  /      \  /  \   /  | /  |  /       |
     ## | /######  | ######  | ##  \ /##/  ## | /#######/
     ## | ## |  ##/  /    ## |  ##  /##/   ## | ##      \
     ## | ## |      /####### |   ## ##/    ## |  ######  |
     ## | ## |      ##    ## |    ###/     ## | /     ##/
     ##/  ##/        #######/      #/      ##/  #######/

     TRajectory Analyzer and VISualizer  -  Open-source freeware under GNU GPL v3

     Copyright (c) Martin Brehm      (2009-2017), University of Halle (Saale)
                   Martin Thomas     (2012-2017)
                   Barbara Kirchner  (2009-2017), University of Bonn

     http://www.travis-analyzer.de

     Please cite: M. Brehm, B. Kirchner: J. Chem. Inf. Model. 2011, 51 (8), pp 2007-2023.

     There is absolutely no warranty on any results obtained from TRAVIS.

  #  Running on simrat39-laptop at Thu Apr 25 21:04:40 2019 (PID 15678).
  #  Running in /home/simrat39/icon-pack
  #  Code version: Aug 12 2017, compiled at Jan 14 2018 01:39:14, compiler "7.2.0", GCC 7.2.0
  #  Target platform: Linux, compile flags: DEBUG_ARRAYS 
  #  Machine: int=4b, long=8b, addr=8b, 0xA0B0C0D0=D0,C0,B0,A0.
  #  User home: /home/simrat39, executable: /usr/bin/travis
  #  Input from terminal, Output to terminal

 >>> Please use a color scheme with dark background or specify "-nocolor"! <<<

    No configuration file found.
    Writing default configuration to /home/simrat39/.travis.conf ...

    No trajectory file specified.
    Please use the "-p" flag to specify an input trajectory in the command line.

    Enter the file name of the trajectory file to open: [Quit] quit

Could not determine trajectory file format ((null)).

The following formats are supported:
  - XYZ trajectories (extension .xyz)
  - PDB trajectories (extension .pdb)
  - LAMMPS trajectories "dump custom element xu yu zu" (extension .lmp)
  - DLPOLY trajectories (file name "HISTORY", no extension)
  - Amber trajectories (extension .prmtop / .mdcrd)
  - Cube file trajectories (extension .cube)
  - BQB format (extensions .bqb, .btr, and .blist)



    Note: To show a list of all persons who contributed to TRAVIS,
          please add "-credits" to your command line arguments, or set the
          variable "SHOWCREDITS" to "TRUE" in your travis.conf file.

    Source code from other projects used in TRAVIS:
      - lmfit     from Joachim Wuttke
      - kiss_fft  from Mark Borgerding
      - voro++    from Chris Rycroft

    http://www.travis-analyzer.de

    Please cite the following articles:

  * "TRAVIS - A Free Analyzer and Visualizer for Monte Carlo and Molecular Dynamics Trajectories",
    M. Brehm, B. Kirchner; J. Chem. Inf. Model. 2011, 51 (8), pp 2007-2023.

*** The End ***

